Using pre-set license
Built from '2020.3/staging' branch; Version is '2020.3.11f1 (99c7afb366b3) revision 10078127'; Using compiler version '192528614'; Build Type 'Release'
OS: 'Windows 10 Home; OS build 18362.1082; Version 1903; 64bit' Language: 'en' Physical Memory: 16249 MB
BatchMode: 1, IsHumanControllingUs: 0, StartBugReporterOnCrash: 0, Is64bit: 1, IsPro: 0

 COMMAND LINE ARGUMENTS:
C:\Program Files\Unity\Hub\Editor\2020.3.11f1\Editor\Unity.exe
-adb2
-batchMode
-noUpm
-name
AssetImportWorker0
-projectPath
D:/GitHub/Intercampus Jam/ICJ
-logFile
Logs/AssetImportWorker0.log
-srvPort
49364
Successfully changed project path to: D:/GitHub/Intercampus Jam/ICJ
D:/GitHub/Intercampus Jam/ICJ
Using Asset Import Pipeline V2.
Refreshing native plugins compatible for Editor in 43.74 ms, found 2 plugins.
Preloading 0 native plugins for Editor in 0.00 ms.
Initialize engine version: 2020.3.11f1 (99c7afb366b3)
[Subsystems] Discovering subsystems at path C:/Program Files/Unity/Hub/Editor/2020.3.11f1/Editor/Data/Resources/UnitySubsystems
[Subsystems] Discovering subsystems at path D:/GitHub/Intercampus Jam/ICJ/Assets
GfxDevice: creating device client; threaded=0
Direct3D:
    Version:  Direct3D 11.0 [level 11.1]
    Renderer: NVIDIA GeForce GTX 1060 with Max-Q Design (ID=0x1c20)
    Vendor:   
    VRAM:     6052 MB
    Driver:   27.21.14.5167
Initialize mono
Mono path[0] = 'C:/Program Files/Unity/Hub/Editor/2020.3.11f1/Editor/Data/Managed'
Mono path[1] = 'C:/Program Files/Unity/Hub/Editor/2020.3.11f1/Editor/Data/MonoBleedingEdge/lib/mono/unityjit'
Mono config path = 'C:/Program Files/Unity/Hub/Editor/2020.3.11f1/Editor/Data/MonoBleedingEdge/etc'
Using monoOptions --debugger-agent=transport=dt_socket,embedding=1,server=y,suspend=n,address=127.0.0.1:56064
Begin MonoManager ReloadAssembly
Registering precompiled unity dll's ...
Register platform support module: C:/Program Files/Unity/Hub/Editor/2020.3.11f1/Editor/Data/PlaybackEngines/WebGLSupport/UnityEditor.WebGL.Extensions.dll
Register platform support module: C:/Program Files/Unity/Hub/Editor/2020.3.11f1/Editor/Data/PlaybackEngines/WindowsStandaloneSupport/UnityEditor.WindowsStandalone.Extensions.dll
Register platform support module: C:/Program Files/Unity/Hub/Editor/2020.3.11f1/Editor/Data/PlaybackEngines/LinuxStandaloneSupport/UnityEditor.LinuxStandalone.Extensions.dll
Registered in 0.003728 seconds.
Native extension for LinuxStandalone target not found
Native extension for WindowsStandalone target not found
Native extension for WebGL target not found
Refreshing native plugins compatible for Editor in 44.43 ms, found 2 plugins.
Preloading 0 native plugins for Editor in 0.00 ms.
Mono: successfully reloaded assembly
- Completed reload, in  2.719 seconds
Platform modules already initialized, skipping
Registering precompiled user dll's ...
Registered in 0.005473 seconds.
Begin MonoManager ReloadAssembly
Native extension for LinuxStandalone target not found
Native extension for WindowsStandalone target not found
Native extension for WebGL target not found
Refreshing native plugins compatible for Editor in 0.41 ms, found 2 plugins.
Preloading 0 native plugins for Editor in 0.00 ms.
Mono: successfully reloaded assembly
- Completed reload, in  1.517 seconds
Platform modules already initialized, skipping
========================================================================
Worker process is ready to serve import requests
Launched and connected shader compiler UnityShaderCompiler.exe after 0.09 seconds
Refreshing native plugins compatible for Editor in 0.37 ms, found 2 plugins.
Preloading 0 native plugins for Editor in 0.00 ms.
Unloading 1762 Unused Serialized files (Serialized files now loaded: 0)
System memory in use before: 81.2 MB.
System memory in use after: 81.2 MB.

Unloading 20 unused Assets to reduce memory usage. Loaded Objects now: 2197.
Total: 2.691300 ms (FindLiveObjects: 0.169700 ms CreateObjectMapping: 0.062100 ms MarkObjects: 2.292300 ms  DeleteObjects: 0.166100 ms)

========================================================================
Received Import Request.
  path: Packages/com.unity.ide.visualstudio
  artifactKey: Guid(9db636ca49aa246019dd93b7c8b689f4) Importer(815301076,1909f56bfc062723c751e8b465ee728b)
Start importing Packages/com.unity.ide.visualstudio using Guid(9db636ca49aa246019dd93b7c8b689f4) Importer(815301076,1909f56bfc062723c751e8b465ee728b)  -> (artifact id: '97ec95a5506f2bdeeee79941468489e5') in 0.005797 seconds
  Import took 0.057793 seconds .

========================================================================
Received Import Request.
  Time since last request: 84.342353 seconds.
  path: Assets/Tom's Big Level Package
  artifactKey: Guid(812c4705c60ce1c4681daa9e117cfb63) Importer(815301076,1909f56bfc062723c751e8b465ee728b)
Start importing Assets/Tom's Big Level Package using Guid(812c4705c60ce1c4681daa9e117cfb63) Importer(815301076,1909f56bfc062723c751e8b465ee728b)  -> (artifact id: 'bcf0214b719821423d44a4c5a09089dc') in 0.004648 seconds
  Import took 0.009569 seconds .

========================================================================
Received Import Request.
  Time since last request: 105.278807 seconds.
  path: Assets/Tom's Big Level Package/Tom's Big level Package.unitypackage
  artifactKey: Guid(def3cb7bc742928498eaf62c16f3d7cb) Importer(815301076,1909f56bfc062723c751e8b465ee728b)
Start importing Assets/Tom's Big Level Package/Tom's Big level Package.unitypackage using Guid(def3cb7bc742928498eaf62c16f3d7cb) Importer(815301076,1909f56bfc062723c751e8b465ee728b)  -> (artifact id: 'f5997744fe44bb18dc3fef8aa1f60de0') in 0.048774 seconds
  Import took 0.134570 seconds .

========================================================================
Received Import Request.
  Time since last request: 58.630924 seconds.
  path: Assets/Scenes/Big level.unity
  artifactKey: Guid(0c046ccd060de8b419495dc61d1f5026) Importer(815301076,1909f56bfc062723c751e8b465ee728b)
Start importing Assets/Scenes/Big level.unity using Guid(0c046ccd060de8b419495dc61d1f5026) Importer(815301076,1909f56bfc062723c751e8b465ee728b)  -> (artifact id: '3d95fae2a7ba79d1451ff42397e659c2') in 0.007112 seconds
  Import took 0.012008 seconds .

========================================================================
Received Import Request.
  Time since last request: 275.196217 seconds.
  path: Assets/Prefab/Standard Door.prefab
  artifactKey: Guid(c949a7cd4c0c2b646af8a1d9a05cf889) Importer(815301076,1909f56bfc062723c751e8b465ee728b)
Start importing Assets/Prefab/Standard Door.prefab using Guid(c949a7cd4c0c2b646af8a1d9a05cf889) Importer(815301076,1909f56bfc062723c751e8b465ee728b)  -> (artifact id: '50d1132a4fc06fb8d985cabac634c6bb') in 0.313464 seconds
  Import took 0.360542 seconds .

========================================================================
Received Import Request.
  Time since last request: 15.364601 seconds.
  path: Assets/Scripts/KeyController.cs
  artifactKey: Guid(b28f5929c8e0d404cb3c8358b5ef44bb) Importer(815301076,1909f56bfc062723c751e8b465ee728b)
Start importing Assets/Scripts/KeyController.cs using Guid(b28f5929c8e0d404cb3c8358b5ef44bb) Importer(815301076,1909f56bfc062723c751e8b465ee728b)  -> (artifact id: '6f44e26691bc77d17f39b9fb807dd6a3') in 0.009376 seconds
  Import took 0.080323 seconds .

========================================================================
Received Prepare
Registering precompiled user dll's ...
Registered in 0.031342 seconds.
Begin MonoManager ReloadAssembly
Native extension for LinuxStandalone target not found
Native extension for WindowsStandalone target not found
Native extension for WebGL target not found
Refreshing native plugins compatible for Editor in 0.81 ms, found 2 plugins.
Preloading 0 native plugins for Editor in 0.00 ms.
Mono: successfully reloaded assembly
- Completed reload, in  1.539 seconds
Platform modules already initialized, skipping
Refreshing native plugins compatible for Editor in 0.91 ms, found 2 plugins.
Preloading 0 native plugins for Editor in 0.00 ms.
Unloading 1735 Unused Serialized files (Serialized files now loaded: 0)
System memory in use before: 82.6 MB.
System memory in use after: 82.7 MB.

Unloading 15 unused Assets to reduce memory usage. Loaded Objects now: 2202.
Total: 2.681800 ms (FindLiveObjects: 0.184500 ms CreateObjectMapping: 0.058700 ms MarkObjects: 2.281100 ms  DeleteObjects: 0.156400 ms)

========================================================================
Received Prepare
Registering precompiled user dll's ...
Registered in 0.008479 seconds.
Begin MonoManager ReloadAssembly
Native extension for LinuxStandalone target not found
Native extension for WindowsStandalone target not found
Native extension for WebGL target not found
Refreshing native plugins compatible for Editor in 0.39 ms, found 2 plugins.
Preloading 0 native plugins for Editor in 0.00 ms.
Mono: successfully reloaded assembly
- Completed reload, in  1.429 seconds
Platform modules already initialized, skipping
Refreshing native plugins compatible for Editor in 0.44 ms, found 2 plugins.
Preloading 0 native plugins for Editor in 0.00 ms.
Unloading 1735 Unused Serialized files (Serialized files now loaded: 0)
System memory in use before: 82.7 MB.
System memory in use after: 82.7 MB.

Unloading 15 unused Assets to reduce memory usage. Loaded Objects now: 2205.
Total: 5.009600 ms (FindLiveObjects: 0.186600 ms CreateObjectMapping: 0.063600 ms MarkObjects: 4.507500 ms  DeleteObjects: 0.250400 ms)

========================================================================
Received Prepare
Registering precompiled user dll's ...
Registered in 0.007738 seconds.
Begin MonoManager ReloadAssembly
Native extension for LinuxStandalone target not found
Native extension for WindowsStandalone target not found
Native extension for WebGL target not found
Refreshing native plugins compatible for Editor in 0.66 ms, found 2 plugins.
Preloading 0 native plugins for Editor in 0.00 ms.
Mono: successfully reloaded assembly
- Completed reload, in  1.563 seconds
Platform modules already initialized, skipping
Refreshing native plugins compatible for Editor in 0.47 ms, found 2 plugins.
Preloading 0 native plugins for Editor in 0.00 ms.
Unloading 1735 Unused Serialized files (Serialized files now loaded: 0)
System memory in use before: 82.7 MB.
System memory in use after: 82.7 MB.

Unloading 15 unused Assets to reduce memory usage. Loaded Objects now: 2208.
Total: 4.150700 ms (FindLiveObjects: 0.333200 ms CreateObjectMapping: 0.062300 ms MarkObjects: 3.408200 ms  DeleteObjects: 0.341600 ms)

========================================================================
Received Prepare
Registering precompiled user dll's ...
Registered in 0.020211 seconds.
Begin MonoManager ReloadAssembly
Native extension for LinuxStandalone target not found
Native extension for WindowsStandalone target not found
Native extension for WebGL target not found
Refreshing native plugins compatible for Editor in 0.47 ms, found 2 plugins.
Preloading 0 native plugins for Editor in 0.00 ms.
Mono: successfully reloaded assembly
- Completed reload, in  1.896 seconds
Platform modules already initialized, skipping
Refreshing native plugins compatible for Editor in 0.93 ms, found 2 plugins.
Preloading 0 native plugins for Editor in 0.00 ms.
Unloading 1735 Unused Serialized files (Serialized files now loaded: 0)
System memory in use before: 82.7 MB.
System memory in use after: 82.7 MB.

Unloading 15 unused Assets to reduce memory usage. Loaded Objects now: 2211.
Total: 3.103800 ms (FindLiveObjects: 0.190800 ms CreateObjectMapping: 0.121300 ms MarkObjects: 2.660700 ms  DeleteObjects: 0.129900 ms)

========================================================================
Received Import Request.
  Time since last request: 996.582115 seconds.
  path: Assets/Game Jam track Edit 1 Export 2.mp3
  artifactKey: Guid(fbb51f1b1d1512d478712a86ea58d53f) Importer(815301076,1909f56bfc062723c751e8b465ee728b)
Start importing Assets/Game Jam track Edit 1 Export 2.mp3 using Guid(fbb51f1b1d1512d478712a86ea58d53f) Importer(815301076,1909f56bfc062723c751e8b465ee728b)  -> (artifact id: '5e4599ef32d131d005511d3c0ae9b6e7') in 0.184175 seconds
  Import took 0.369409 seconds .

========================================================================
Received Prepare
Registering precompiled user dll's ...
Registered in 0.010705 seconds.
Begin MonoManager ReloadAssembly
Native extension for LinuxStandalone target not found
Native extension for WindowsStandalone target not found
Native extension for WebGL target not found
Refreshing native plugins compatible for Editor in 0.38 ms, found 2 plugins.
Preloading 0 native plugins for Editor in 0.00 ms.
Mono: successfully reloaded assembly
- Completed reload, in  1.476 seconds
Platform modules already initialized, skipping
Refreshing native plugins compatible for Editor in 0.40 ms, found 2 plugins.
Preloading 0 native plugins for Editor in 0.00 ms.
Unloading 1735 Unused Serialized files (Serialized files now loaded: 0)
System memory in use before: 82.8 MB.
System memory in use after: 82.9 MB.

Unloading 15 unused Assets to reduce memory usage. Loaded Objects now: 2222.
Total: 3.208000 ms (FindLiveObjects: 0.338600 ms CreateObjectMapping: 0.087700 ms MarkObjects: 2.650600 ms  DeleteObjects: 0.129400 ms)

========================================================================
Received Prepare
Registering precompiled user dll's ...
Registered in 0.008535 seconds.
Begin MonoManager ReloadAssembly
Native extension for LinuxStandalone target not found
Native extension for WindowsStandalone target not found
Native extension for WebGL target not found
Refreshing native plugins compatible for Editor in 0.38 ms, found 2 plugins.
Preloading 0 native plugins for Editor in 0.00 ms.
Mono: successfully reloaded assembly
- Completed reload, in  1.544 seconds
Platform modules already initialized, skipping
Refreshing native plugins compatible for Editor in 0.38 ms, found 2 plugins.
Preloading 0 native plugins for Editor in 0.00 ms.
Unloading 1735 Unused Serialized files (Serialized files now loaded: 0)
System memory in use before: 82.8 MB.
System memory in use after: 82.9 MB.

Unloading 15 unused Assets to reduce memory usage. Loaded Objects now: 2225.
Total: 6.585900 ms (FindLiveObjects: 0.379600 ms CreateObjectMapping: 0.226200 ms MarkObjects: 5.695800 ms  DeleteObjects: 0.282000 ms)

========================================================================
Received Import Request.
  Time since last request: 434.790768 seconds.
  path: Assets/Scripts/DoorLook.cs
  artifactKey: Guid(7e723c873585a324880aa6c390bda991) Importer(815301076,1909f56bfc062723c751e8b465ee728b)
Start importing Assets/Scripts/DoorLook.cs using Guid(7e723c873585a324880aa6c390bda991) Importer(815301076,1909f56bfc062723c751e8b465ee728b)  -> (artifact id: '13d26308450097046f3953d5856a45fd') in 0.009949 seconds
  Import took 0.149376 seconds .

========================================================================
Received Prepare
Registering precompiled user dll's ...
Registered in 0.018595 seconds.
Begin MonoManager ReloadAssembly
Native extension for LinuxStandalone target not found
Native extension for WindowsStandalone target not found
Native extension for WebGL target not found
Refreshing native plugins compatible for Editor in 0.44 ms, found 2 plugins.
Preloading 0 native plugins for Editor in 0.00 ms.
Mono: successfully reloaded assembly
- Completed reload, in  1.708 seconds
Platform modules already initialized, skipping
Refreshing native plugins compatible for Editor in 0.60 ms, found 2 plugins.
Preloading 0 native plugins for Editor in 0.00 ms.
Unloading 1735 Unused Serialized files (Serialized files now loaded: 0)
System memory in use before: 82.9 MB.
System memory in use after: 82.9 MB.

Unloading 15 unused Assets to reduce memory usage. Loaded Objects now: 2228.
Total: 3.614600 ms (FindLiveObjects: 0.166400 ms CreateObjectMapping: 0.057000 ms MarkObjects: 3.048200 ms  DeleteObjects: 0.341800 ms)

========================================================================
Received Import Request.
  Time since last request: 13.217674 seconds.
  path: Assets/Scripts/DoorLook.cs
  artifactKey: Guid(7e723c873585a324880aa6c390bda991) Importer(815301076,1909f56bfc062723c751e8b465ee728b)
Start importing Assets/Scripts/DoorLook.cs using Guid(7e723c873585a324880aa6c390bda991) Importer(815301076,1909f56bfc062723c751e8b465ee728b)  -> (artifact id: '726d30b1084c0a93ea33346dcf7947e0') in 0.005411 seconds
  Import took 0.082796 seconds .

========================================================================
Received Import Request.
  Time since last request: 9.398483 seconds.
  path: ProjectSettings/TagManager.asset
  artifactKey: Guid(00000000000000003000000000000000) Importer(815301076,1909f56bfc062723c751e8b465ee728b)
Start importing ProjectSettings/TagManager.asset using Guid(00000000000000003000000000000000) Importer(815301076,1909f56bfc062723c751e8b465ee728b)  -> (artifact id: 'ce6a35c3cddc746e7501c0bd0ed6d4ce') in 0.029607 seconds
  Import took 0.061378 seconds .

========================================================================
Received Prepare
Registering precompiled user dll's ...
Registered in 0.017328 seconds.
Begin MonoManager ReloadAssembly
Native extension for LinuxStandalone target not found
Native extension for WindowsStandalone target not found
Native extension for WebGL target not found
Refreshing native plugins compatible for Editor in 0.44 ms, found 2 plugins.
Preloading 0 native plugins for Editor in 0.00 ms.
Mono: successfully reloaded assembly
- Completed reload, in  2.615 seconds
Platform modules already initialized, skipping
Refreshing native plugins compatible for Editor in 0.52 ms, found 2 plugins.
Preloading 0 native plugins for Editor in 0.00 ms.
Unloading 1735 Unused Serialized files (Serialized files now loaded: 0)
System memory in use before: 82.9 MB.
System memory in use after: 82.9 MB.

Unloading 16 unused Assets to reduce memory usage. Loaded Objects now: 2231.
Total: 3.268400 ms (FindLiveObjects: 0.183900 ms CreateObjectMapping: 0.064000 ms MarkObjects: 2.832400 ms  DeleteObjects: 0.186600 ms)

========================================================================
Received Import Request.
  Time since last request: 382.000722 seconds.
  path: Assets/Prefab
  artifactKey: Guid(ebc69279740127d4eb18c86410d564a0) Importer(815301076,1909f56bfc062723c751e8b465ee728b)
Start importing Assets/Prefab using Guid(ebc69279740127d4eb18c86410d564a0) Importer(815301076,1909f56bfc062723c751e8b465ee728b)  -> (artifact id: '8fd007af893d423c5dc2e6795b85072c') in 0.010196 seconds
  Import took 0.149623 seconds .

========================================================================
Received Import Request.
  Time since last request: 35.453306 seconds.
  path: ProjectSettings/TagManager.asset
  artifactKey: Guid(00000000000000003000000000000000) Importer(815301076,1909f56bfc062723c751e8b465ee728b)
Start importing ProjectSettings/TagManager.asset using Guid(00000000000000003000000000000000) Importer(815301076,1909f56bfc062723c751e8b465ee728b)  -> (artifact id: '21ee87f277363039693efa65dfce7802') in 0.024853 seconds
  Import took 0.154940 seconds .

========================================================================
Received Prepare
Registering precompiled user dll's ...
Registered in 0.008231 seconds.
Begin MonoManager ReloadAssembly
Native extension for LinuxStandalone target not found
Native extension for WindowsStandalone target not found
Native extension for WebGL target not found
Refreshing native plugins compatible for Editor in 0.69 ms, found 2 plugins.
Preloading 0 native plugins for Editor in 0.00 ms.
Mono: successfully reloaded assembly
- Completed reload, in  3.077 seconds
Platform modules already initialized, skipping
Refreshing native plugins compatible for Editor in 0.39 ms, found 2 plugins.
Preloading 0 native plugins for Editor in 0.00 ms.
Unloading 1735 Unused Serialized files (Serialized files now loaded: 0)
System memory in use before: 82.9 MB.
System memory in use after: 82.9 MB.

Unloading 16 unused Assets to reduce memory usage. Loaded Objects now: 2234.
Total: 2.639300 ms (FindLiveObjects: 0.197000 ms CreateObjectMapping: 0.063300 ms MarkObjects: 2.240200 ms  DeleteObjects: 0.137900 ms)

========================================================================
Received Prepare
Registering precompiled user dll's ...
Registered in 0.007437 seconds.
Begin MonoManager ReloadAssembly
Native extension for LinuxStandalone target not found
Native extension for WindowsStandalone target not found
Native extension for WebGL target not found
Refreshing native plugins compatible for Editor in 0.48 ms, found 2 plugins.
Preloading 0 native plugins for Editor in 0.00 ms.
Mono: successfully reloaded assembly
- Completed reload, in  1.772 seconds
Platform modules already initialized, skipping
Refreshing native plugins compatible for Editor in 0.80 ms, found 2 plugins.
Preloading 0 native plugins for Editor in 0.00 ms.
Unloading 1735 Unused Serialized files (Serialized files now loaded: 0)
System memory in use before: 82.9 MB.
System memory in use after: 82.9 MB.

Unloading 15 unused Assets to reduce memory usage. Loaded Objects now: 2237.
Total: 4.293100 ms (FindLiveObjects: 0.221700 ms CreateObjectMapping: 0.083800 ms MarkObjects: 3.828500 ms  DeleteObjects: 0.157600 ms)

========================================================================
Received Prepare
Registering precompiled user dll's ...
Registered in 0.010280 seconds.
Begin MonoManager ReloadAssembly
Native extension for LinuxStandalone target not found
Native extension for WindowsStandalone target not found
Native extension for WebGL target not found
Refreshing native plugins compatible for Editor in 0.42 ms, found 2 plugins.
Preloading 0 native plugins for Editor in 0.00 ms.
Mono: successfully reloaded assembly
- Completed reload, in  1.835 seconds
Platform modules already initialized, skipping
Refreshing native plugins compatible for Editor in 0.42 ms, found 2 plugins.
Preloading 0 native plugins for Editor in 0.00 ms.
Unloading 1735 Unused Serialized files (Serialized files now loaded: 0)
System memory in use before: 82.9 MB.
System memory in use after: 82.9 MB.

Unloading 15 unused Assets to reduce memory usage. Loaded Objects now: 2240.
Total: 8.982400 ms (FindLiveObjects: 1.108300 ms CreateObjectMapping: 0.666500 ms MarkObjects: 7.005700 ms  DeleteObjects: 0.198700 ms)

========================================================================
Received Prepare
Registering precompiled user dll's ...
Registered in 0.005867 seconds.
Begin MonoManager ReloadAssembly
Native extension for LinuxStandalone target not found
Native extension for WindowsStandalone target not found
Native extension for WebGL target not found
Refreshing native plugins compatible for Editor in 0.46 ms, found 2 plugins.
Preloading 0 native plugins for Editor in 0.00 ms.
Mono: successfully reloaded assembly
- Completed reload, in  1.718 seconds
Platform modules already initialized, skipping
Refreshing native plugins compatible for Editor in 0.39 ms, found 2 plugins.
Preloading 0 native plugins for Editor in 0.00 ms.
Unloading 1735 Unused Serialized files (Serialized files now loaded: 0)
System memory in use before: 82.9 MB.
System memory in use after: 82.9 MB.

Unloading 15 unused Assets to reduce memory usage. Loaded Objects now: 2243.
Total: 3.210900 ms (FindLiveObjects: 0.166700 ms CreateObjectMapping: 0.058300 ms MarkObjects: 2.825800 ms  DeleteObjects: 0.159000 ms)

========================================================================
Received Prepare
Registering precompiled user dll's ...
Registered in 0.008520 seconds.
Begin MonoManager ReloadAssembly
Native extension for LinuxStandalone target not found
Native extension for WindowsStandalone target not found
Native extension for WebGL target not found
Refreshing native plugins compatible for Editor in 1.43 ms, found 2 plugins.
Preloading 0 native plugins for Editor in 0.00 ms.
Mono: successfully reloaded assembly
- Completed reload, in  2.343 seconds
Platform modules already initialized, skipping
Refreshing native plugins compatible for Editor in 0.45 ms, found 2 plugins.
Preloading 0 native plugins for Editor in 0.00 ms.
Unloading 1735 Unused Serialized files (Serialized files now loaded: 0)
System memory in use before: 82.9 MB.
System memory in use after: 82.9 MB.

Unloading 15 unused Assets to reduce memory usage. Loaded Objects now: 2246.
Total: 2.548800 ms (FindLiveObjects: 0.325400 ms CreateObjectMapping: 0.068100 ms MarkObjects: 2.022500 ms  DeleteObjects: 0.131900 ms)

========================================================================
Received Prepare
Registering precompiled user dll's ...
Registered in 0.009146 seconds.
Begin MonoManager ReloadAssembly
Native extension for LinuxStandalone target not found
Native extension for WindowsStandalone target not found
Native extension for WebGL target not found
Refreshing native plugins compatible for Editor in 0.70 ms, found 2 plugins.
Preloading 0 native plugins for Editor in 0.00 ms.
Mono: successfully reloaded assembly
- Completed reload, in  1.746 seconds
Platform modules already initialized, skipping
Refreshing native plugins compatible for Editor in 0.54 ms, found 2 plugins.
Preloading 0 native plugins for Editor in 0.00 ms.
Unloading 1735 Unused Serialized files (Serialized files now loaded: 0)
System memory in use before: 82.9 MB.
System memory in use after: 82.9 MB.

Unloading 15 unused Assets to reduce memory usage. Loaded Objects now: 2249.
Total: 3.400000 ms (FindLiveObjects: 0.210400 ms CreateObjectMapping: 0.074800 ms MarkObjects: 2.940500 ms  DeleteObjects: 0.172600 ms)

========================================================================
Received Prepare
Registering precompiled user dll's ...
Registered in 0.006052 seconds.
Begin MonoManager ReloadAssembly
Native extension for LinuxStandalone target not found
Native extension for WindowsStandalone target not found
Native extension for WebGL target not found
Refreshing native plugins compatible for Editor in 0.39 ms, found 2 plugins.
Preloading 0 native plugins for Editor in 0.00 ms.
Mono: successfully reloaded assembly
- Completed reload, in  1.578 seconds
Platform modules already initialized, skipping
Refreshing native plugins compatible for Editor in 0.41 ms, found 2 plugins.
Preloading 0 native plugins for Editor in 0.00 ms.
Unloading 1735 Unused Serialized files (Serialized files now loaded: 0)
System memory in use before: 82.9 MB.
System memory in use after: 82.9 MB.

Unloading 15 unused Assets to reduce memory usage. Loaded Objects now: 2252.
Total: 3.601600 ms (FindLiveObjects: 0.187600 ms CreateObjectMapping: 0.054500 ms MarkObjects: 3.090900 ms  DeleteObjects: 0.267600 ms)

========================================================================
Received Prepare
Registering precompiled user dll's ...
Registered in 0.005557 seconds.
Begin MonoManager ReloadAssembly
Native extension for LinuxStandalone target not found
Native extension for WindowsStandalone target not found
Native extension for WebGL target not found
Refreshing native plugins compatible for Editor in 0.40 ms, found 2 plugins.
Preloading 0 native plugins for Editor in 0.00 ms.
Mono: successfully reloaded assembly
- Completed reload, in  1.469 seconds
Platform modules already initialized, skipping
Refreshing native plugins compatible for Editor in 0.63 ms, found 2 plugins.
Preloading 0 native plugins for Editor in 0.00 ms.
Unloading 1735 Unused Serialized files (Serialized files now loaded: 0)
System memory in use before: 82.9 MB.
System memory in use after: 82.9 MB.

Unloading 15 unused Assets to reduce memory usage. Loaded Objects now: 2255.
Total: 3.270000 ms (FindLiveObjects: 0.354600 ms CreateObjectMapping: 0.068900 ms MarkObjects: 2.661600 ms  DeleteObjects: 0.183800 ms)

========================================================================
Received Prepare
Registering precompiled user dll's ...
Registered in 0.005471 seconds.
Begin MonoManager ReloadAssembly
Native extension for LinuxStandalone target not found
Native extension for WindowsStandalone target not found
Native extension for WebGL target not found
Refreshing native plugins compatible for Editor in 0.42 ms, found 2 plugins.
Preloading 0 native plugins for Editor in 0.00 ms.
Mono: successfully reloaded assembly
- Completed reload, in  1.480 seconds
Platform modules already initialized, skipping
Refreshing native plugins compatible for Editor in 0.85 ms, found 2 plugins.
Preloading 0 native plugins for Editor in 0.00 ms.
Unloading 1735 Unused Serialized files (Serialized files now loaded: 0)
System memory in use before: 82.9 MB.
System memory in use after: 83.0 MB.

Unloading 15 unused Assets to reduce memory usage. Loaded Objects now: 2258.
Total: 4.082100 ms (FindLiveObjects: 0.218800 ms CreateObjectMapping: 0.091800 ms MarkObjects: 3.579500 ms  DeleteObjects: 0.190300 ms)

========================================================================
Received Prepare
Registering precompiled user dll's ...
Registered in 0.005697 seconds.
Begin MonoManager ReloadAssembly
Native extension for LinuxStandalone target not found
Native extension for WindowsStandalone target not found
Native extension for WebGL target not found
Refreshing native plugins compatible for Editor in 0.38 ms, found 2 plugins.
Preloading 0 native plugins for Editor in 0.00 ms.
Mono: successfully reloaded assembly
- Completed reload, in  1.444 seconds
Platform modules already initialized, skipping
Refreshing native plugins compatible for Editor in 0.44 ms, found 2 plugins.
Preloading 0 native plugins for Editor in 0.00 ms.
Unloading 1735 Unused Serialized files (Serialized files now loaded: 0)
System memory in use before: 82.9 MB.
System memory in use after: 83.0 MB.

Unloading 15 unused Assets to reduce memory usage. Loaded Objects now: 2261.
Total: 4.157300 ms (FindLiveObjects: 0.214600 ms CreateObjectMapping: 0.060100 ms MarkObjects: 3.582200 ms  DeleteObjects: 0.299100 ms)

========================================================================
Received Prepare
Registering precompiled user dll's ...
Registered in 0.005991 seconds.
Begin MonoManager ReloadAssembly
Native extension for LinuxStandalone target not found
Native extension for WindowsStandalone target not found
Native extension for WebGL target not found
Refreshing native plugins compatible for Editor in 1.04 ms, found 2 plugins.
Preloading 0 native plugins for Editor in 0.00 ms.
Mono: successfully reloaded assembly
- Completed reload, in  1.460 seconds
Platform modules already initialized, skipping
Refreshing native plugins compatible for Editor in 0.51 ms, found 2 plugins.
Preloading 0 native plugins for Editor in 0.00 ms.
Unloading 1735 Unused Serialized files (Serialized files now loaded: 0)
System memory in use before: 82.9 MB.
System memory in use after: 83.0 MB.

Unloading 15 unused Assets to reduce memory usage. Loaded Objects now: 2264.
Total: 3.038300 ms (FindLiveObjects: 0.212100 ms CreateObjectMapping: 0.063100 ms MarkObjects: 2.591200 ms  DeleteObjects: 0.170600 ms)

========================================================================
Received Prepare
Registering precompiled user dll's ...
Registered in 0.019878 seconds.
Begin MonoManager ReloadAssembly
Native extension for LinuxStandalone target not found
Native extension for WindowsStandalone target not found
Native extension for WebGL target not found
Refreshing native plugins compatible for Editor in 0.60 ms, found 2 plugins.
Preloading 0 native plugins for Editor in 0.00 ms.
Mono: successfully reloaded assembly
- Completed reload, in  1.516 seconds
Platform modules already initialized, skipping
Refreshing native plugins compatible for Editor in 0.38 ms, found 2 plugins.
Preloading 0 native plugins for Editor in 0.00 ms.
Unloading 1735 Unused Serialized files (Serialized files now loaded: 0)
System memory in use before: 82.9 MB.
System memory in use after: 83.0 MB.

Unloading 15 unused Assets to reduce memory usage. Loaded Objects now: 2267.
Total: 3.144900 ms (FindLiveObjects: 0.278000 ms CreateObjectMapping: 0.085800 ms MarkObjects: 2.551600 ms  DeleteObjects: 0.227500 ms)

========================================================================
Received Prepare
Registering precompiled user dll's ...
Registered in 0.006807 seconds.
Begin MonoManager ReloadAssembly
Native extension for LinuxStandalone target not found
Native extension for WindowsStandalone target not found
Native extension for WebGL target not found
Refreshing native plugins compatible for Editor in 0.39 ms, found 2 plugins.
Preloading 0 native plugins for Editor in 0.00 ms.
Mono: successfully reloaded assembly
- Completed reload, in  1.468 seconds
Platform modules already initialized, skipping
Refreshing native plugins compatible for Editor in 0.42 ms, found 2 plugins.
Preloading 0 native plugins for Editor in 0.00 ms.
Unloading 1735 Unused Serialized files (Serialized files now loaded: 0)
System memory in use before: 82.9 MB.
System memory in use after: 83.0 MB.

Unloading 15 unused Assets to reduce memory usage. Loaded Objects now: 2270.
Total: 3.543700 ms (FindLiveObjects: 0.260000 ms CreateObjectMapping: 0.104100 ms MarkObjects: 3.046600 ms  DeleteObjects: 0.131400 ms)

========================================================================
Received Import Request.
  Time since last request: 4599.429820 seconds.
  path: Assets/Scripts/NormalDoor.cs
  artifactKey: Guid(e937f83f4d6c70047a07223327c291e6) Importer(815301076,1909f56bfc062723c751e8b465ee728b)
Start importing Assets/Scripts/NormalDoor.cs using Guid(e937f83f4d6c70047a07223327c291e6) Importer(815301076,1909f56bfc062723c751e8b465ee728b)  -> (artifact id: '9394b0ac562ceeb5f8813eb588dab7fc') in 0.012917 seconds
  Import took 0.018779 seconds .

========================================================================
Received Prepare
Registering precompiled user dll's ...
Registered in 0.007214 seconds.
Begin MonoManager ReloadAssembly
Native extension for LinuxStandalone target not found
Native extension for WindowsStandalone target not found
Native extension for WebGL target not found
Refreshing native plugins compatible for Editor in 1.01 ms, found 2 plugins.
Preloading 0 native plugins for Editor in 0.00 ms.
Mono: successfully reloaded assembly
- Completed reload, in  1.904 seconds
Platform modules already initialized, skipping
Refreshing native plugins compatible for Editor in 0.88 ms, found 2 plugins.
Preloading 0 native plugins for Editor in 0.00 ms.
Unloading 1736 Unused Serialized files (Serialized files now loaded: 0)
System memory in use before: 83.0 MB.
System memory in use after: 83.0 MB.

Unloading 15 unused Assets to reduce memory usage. Loaded Objects now: 2274.
Total: 2.754800 ms (FindLiveObjects: 0.198100 ms CreateObjectMapping: 0.154300 ms MarkObjects: 2.267200 ms  DeleteObjects: 0.134100 ms)

========================================================================
Received Prepare
Registering precompiled user dll's ...
Registered in 0.007028 seconds.
Begin MonoManager ReloadAssembly
Native extension for LinuxStandalone target not found
Native extension for WindowsStandalone target not found
Native extension for WebGL target not found
Refreshing native plugins compatible for Editor in 0.51 ms, found 2 plugins.
Preloading 0 native plugins for Editor in 0.00 ms.
Mono: successfully reloaded assembly
- Completed reload, in  1.491 seconds
Platform modules already initialized, skipping
Refreshing native plugins compatible for Editor in 0.42 ms, found 2 plugins.
Preloading 0 native plugins for Editor in 0.00 ms.
Unloading 1736 Unused Serialized files (Serialized files now loaded: 0)
System memory in use before: 83.0 MB.
System memory in use after: 83.0 MB.

Unloading 15 unused Assets to reduce memory usage. Loaded Objects now: 2277.
Total: 3.967100 ms (FindLiveObjects: 0.167700 ms CreateObjectMapping: 0.058200 ms MarkObjects: 3.485100 ms  DeleteObjects: 0.254500 ms)

========================================================================
Received Prepare
Registering precompiled user dll's ...
Registered in 0.006393 seconds.
Begin MonoManager ReloadAssembly
Native extension for LinuxStandalone target not found
Native extension for WindowsStandalone target not found
Native extension for WebGL target not found
Refreshing native plugins compatible for Editor in 0.61 ms, found 2 plugins.
Preloading 0 native plugins for Editor in 0.00 ms.
Mono: successfully reloaded assembly
- Completed reload, in  1.523 seconds
Platform modules already initialized, skipping
Refreshing native plugins compatible for Editor in 0.59 ms, found 2 plugins.
Preloading 0 native plugins for Editor in 0.00 ms.
Unloading 1736 Unused Serialized files (Serialized files now loaded: 0)
System memory in use before: 82.9 MB.
System memory in use after: 83.0 MB.

Unloading 15 unused Assets to reduce memory usage. Loaded Objects now: 2280.
Total: 3.400000 ms (FindLiveObjects: 0.215500 ms CreateObjectMapping: 0.058700 ms MarkObjects: 2.749900 ms  DeleteObjects: 0.325300 ms)

========================================================================
Received Prepare
Registering precompiled user dll's ...
Registered in 0.007410 seconds.
Begin MonoManager ReloadAssembly
Native extension for LinuxStandalone target not found
Native extension for WindowsStandalone target not found
Native extension for WebGL target not found
Refreshing native plugins compatible for Editor in 0.43 ms, found 2 plugins.
Preloading 0 native plugins for Editor in 0.00 ms.
Mono: successfully reloaded assembly
- Completed reload, in  1.385 seconds
Platform modules already initialized, skipping
Refreshing native plugins compatible for Editor in 0.63 ms, found 2 plugins.
Preloading 0 native plugins for Editor in 0.00 ms.
Unloading 1736 Unused Serialized files (Serialized files now loaded: 0)
System memory in use before: 83.0 MB.
System memory in use after: 83.0 MB.

Unloading 15 unused Assets to reduce memory usage. Loaded Objects now: 2283.
Total: 3.403600 ms (FindLiveObjects: 0.324800 ms CreateObjectMapping: 0.065700 ms MarkObjects: 2.843400 ms  DeleteObjects: 0.168100 ms)

========================================================================
Received Prepare
Registering precompiled user dll's ...
Registered in 0.008651 seconds.
Begin MonoManager ReloadAssembly
Native extension for LinuxStandalone target not found
Native extension for WindowsStandalone target not found
Native extension for WebGL target not found
Refreshing native plugins compatible for Editor in 0.38 ms, found 2 plugins.
Preloading 0 native plugins for Editor in 0.00 ms.
Mono: successfully reloaded assembly
- Completed reload, in  1.409 seconds
Platform modules already initialized, skipping
Refreshing native plugins compatible for Editor in 0.45 ms, found 2 plugins.
Preloading 0 native plugins for Editor in 0.00 ms.
Unloading 1736 Unused Serialized files (Serialized files now loaded: 0)
System memory in use before: 83.0 MB.
System memory in use after: 83.0 MB.

Unloading 15 unused Assets to reduce memory usage. Loaded Objects now: 2286.
Total: 3.268400 ms (FindLiveObjects: 0.256100 ms CreateObjectMapping: 0.062700 ms MarkObjects: 2.754000 ms  DeleteObjects: 0.194100 ms)

========================================================================
Received Import Request.
  Time since last request: 435.187201 seconds.
  path: Assets/Scripts/DoorLook.cs
  artifactKey: Guid(7e723c873585a324880aa6c390bda991) Importer(815301076,1909f56bfc062723c751e8b465ee728b)
Start importing Assets/Scripts/DoorLook.cs using Guid(7e723c873585a324880aa6c390bda991) Importer(815301076,1909f56bfc062723c751e8b465ee728b)  -> (artifact id: '6df825fbb35296d8aa76ce0c163e3bc6') in 0.008477 seconds
  Import took 0.101642 seconds .

========================================================================
Received Import Request.
  Time since last request: 8.370551 seconds.
  path: Packages/com.unity.probuilder/Content/Resources/Textures/GridBox_Default.png
  artifactKey: Guid(6344bf96fbda94141a525046d088fb23) Importer(815301076,1909f56bfc062723c751e8b465ee728b)
Start importing Packages/com.unity.probuilder/Content/Resources/Textures/GridBox_Default.png using Guid(6344bf96fbda94141a525046d088fb23) Importer(815301076,1909f56bfc062723c751e8b465ee728b)  -> (artifact id: 'b0d047d03561b9fd36435b1b6ba1eabc') in 0.271991 seconds
  Import took 0.311360 seconds .

========================================================================
Received Import Request.
  Time since last request: 5.298878 seconds.
  path: Assets/Scripts/Earthbound meme sound clip.prefab
  artifactKey: Guid(6ab5fc3583d64c348abeee529f49bb62) Importer(815301076,1909f56bfc062723c751e8b465ee728b)
Start importing Assets/Scripts/Earthbound meme sound clip.prefab using Guid(6ab5fc3583d64c348abeee529f49bb62) Importer(815301076,1909f56bfc062723c751e8b465ee728b)  -> (artifact id: 'a2a9abb6ac72b36ff6aace8e425858ef') in 0.015820 seconds
  Import took 0.021507 seconds .

========================================================================
Received Import Request.
  Time since last request: 0.015471 seconds.
  path: Assets/Scripts/Earthbound meme sound clip.prefab
  artifactKey: Guid(6ab5fc3583d64c348abeee529f49bb62) Importer(815301076,1909f56bfc062723c751e8b465ee728b)
Start importing Assets/Scripts/Earthbound meme sound clip.prefab using Guid(6ab5fc3583d64c348abeee529f49bb62) Importer(815301076,1909f56bfc062723c751e8b465ee728b)  -> (artifact id: 'a2a9abb6ac72b36ff6aace8e425858ef') in 0.005707 seconds
  Import took 0.010651 seconds .

